{"numFailedTestSuites":0,"numFailedTests":0,"numPassedTestSuites":22,"numPassedTests":134,"numPendingTestSuites":0,"numPendingTests":0,"numRuntimeErrorTestSuites":0,"numTodoTests":0,"numTotalTestSuites":22,"numTotalTests":134,"openHandles":[],"snapshot":{"added":0,"didUpdate":false,"failure":false,"filesAdded":0,"filesRemoved":0,"filesRemovedList":[],"filesUnmatched":0,"filesUpdated":0,"matched":47,"total":47,"unchecked":0,"uncheckedKeysByFile":[],"unmatched":0,"updated":0},"startTime":1689392412936,"success":true,"testResults":[{"assertionResults":[{"ancestorTitles":["editor","#filterEditorState"],"failureMessages":[],"fullName":"editor #filterEditorState works","location":null,"status":"passed","title":"works"},{"ancestorTitles":["editor","#filterEditorState"],"failureMessages":[],"fullName":"editor #filterEditorState no normalisation = no change","location":null,"status":"passed","title":"no normalisation = no change"},{"ancestorTitles":["editor","#filterEditorState","does not introduce filterable content during filtering"],"failureMessages":[],"fullName":"editor #filterEditorState does not introduce filterable content during filtering works","location":null,"status":"passed","title":"works"},{"ancestorTitles":["editor","#filterEditorState","does not introduce filterable content during filtering"],"failureMessages":[],"fullName":"editor #filterEditorState does not introduce filterable content during filtering in particular with list items","location":null,"status":"passed","title":"in particular with list items"},{"ancestorTitles":["editor","#filterEditorState"],"failureMessages":[],"fullName":"editor #filterEditorState #blockTextRules can be overriden (#65)","location":null,"status":"passed","title":"#blockTextRules can be overriden (#65)"},{"ancestorTitles":["editor","#condenseBlocks"],"failureMessages":[],"fullName":"editor #condenseBlocks works","location":null,"status":"passed","title":"works"},{"ancestorTitles":["editor","#condenseBlocks"],"failureMessages":[],"fullName":"editor #condenseBlocks skips any changes for single-block content","location":null,"status":"passed","title":"skips any changes for single-block content"},{"ancestorTitles":["editor","#condenseBlocks"],"failureMessages":[],"fullName":"editor #condenseBlocks uses the key of the last block","location":null,"status":"passed","title":"uses the key of the last block"},{"ancestorTitles":["editor","#condenseBlocks"],"failureMessages":[],"fullName":"editor #condenseBlocks adds spaces between collapsed blocks","location":null,"status":"passed","title":"adds spaces between collapsed blocks"},{"ancestorTitles":["editor","#condenseBlocks"],"failureMessages":[],"fullName":"editor #condenseBlocks gives in-between spaces the styles of the following character","location":null,"status":"passed","title":"gives in-between spaces the styles of the following character"},{"ancestorTitles":["editor","#condenseBlocks"],"failureMessages":[],"fullName":"editor #condenseBlocks gives in-between spaces the entity of the following character","location":null,"status":"passed","title":"gives in-between spaces the entity of the following character"},{"ancestorTitles":["editor","#condenseBlocks"],"failureMessages":[],"fullName":"editor #condenseBlocks skips atomic blocks","location":null,"status":"passed","title":"skips atomic blocks"},{"ancestorTitles":["editor","#condenseBlocks"],"failureMessages":[],"fullName":"editor #condenseBlocks moves a collapsed selection to the expected end-of-paste marker","location":null,"status":"passed","title":"moves a collapsed selection to the expected end-of-paste marker"},{"ancestorTitles":["editor","#condenseBlocks"],"failureMessages":[],"fullName":"editor #condenseBlocks moves a forwards selection to the expected end-of-paste marker","location":null,"status":"passed","title":"moves a forwards selection to the expected end-of-paste marker"},{"ancestorTitles":["editor","#condenseBlocks"],"failureMessages":[],"fullName":"editor #condenseBlocks moves a backwards selection to the expected end-of-paste marker","location":null,"status":"passed","title":"moves a backwards selection to the expected end-of-paste marker"}],"endTime":1689392415152,"message":"","name":"/home/runner/work/draftjs-filters/draftjs-filters/src/lib/filters/editor.test.ts","startTime":1689392413389,"status":"passed","summary":""},{"assertionResults":[{"ancestorTitles":["entities","#cloneEntities"],"failureMessages":[],"fullName":"entities #cloneEntities works","location":null,"status":"passed","title":"works"},{"ancestorTitles":["entities","#cloneEntities"],"failureMessages":[],"fullName":"entities #cloneEntities no filtering = no change","location":null,"status":"passed","title":"no filtering = no change"},{"ancestorTitles":["entities","#filterEntityRanges"],"failureMessages":[],"fullName":"entities #filterEntityRanges works","location":null,"status":"passed","title":"works"},{"ancestorTitles":["entities","#filterEntityRanges"],"failureMessages":[],"fullName":"entities #filterEntityRanges no filtering = no change","location":null,"status":"passed","title":"no filtering = no change"},{"ancestorTitles":["entities","#shouldKeepEntityType"],"failureMessages":[],"fullName":"entities #shouldKeepEntityType keep","location":null,"status":"passed","title":"keep"},{"ancestorTitles":["entities","#shouldKeepEntityType"],"failureMessages":[],"fullName":"entities #shouldKeepEntityType remove","location":null,"status":"passed","title":"remove"},{"ancestorTitles":["entities","#shouldRemoveImageEntity"],"failureMessages":[],"fullName":"entities #shouldRemoveImageEntity keep","location":null,"status":"passed","title":"keep"},{"ancestorTitles":["entities","#shouldRemoveImageEntity"],"failureMessages":[],"fullName":"entities #shouldRemoveImageEntity remove (wrong block)","location":null,"status":"passed","title":"remove (wrong block)"},{"ancestorTitles":["entities","#shouldRemoveImageEntity"],"failureMessages":[],"fullName":"entities #shouldRemoveImageEntity not an image - no opinion","location":null,"status":"passed","title":"not an image - no opinion"},{"ancestorTitles":["entities","#shouldKeepEntityByAttribute"],"failureMessages":[],"fullName":"entities #shouldKeepEntityByAttribute valid","location":null,"status":"passed","title":"valid"},{"ancestorTitles":["entities","#shouldKeepEntityByAttribute"],"failureMessages":[],"fullName":"entities #shouldKeepEntityByAttribute invalid","location":null,"status":"passed","title":"invalid"},{"ancestorTitles":["entities","#shouldKeepEntityByAttribute"],"failureMessages":[],"fullName":"entities #shouldKeepEntityByAttribute attribute not defined on entities matches undefined","location":null,"status":"passed","title":"attribute not defined on entities matches undefined"},{"ancestorTitles":["entities","#shouldKeepEntityByAttribute","multiple attributes"],"failureMessages":[],"fullName":"entities #shouldKeepEntityByAttribute multiple attributes valid","location":null,"status":"passed","title":"valid"},{"ancestorTitles":["entities","#shouldKeepEntityByAttribute","multiple attributes"],"failureMessages":[],"fullName":"entities #shouldKeepEntityByAttribute multiple attributes invalid","location":null,"status":"passed","title":"invalid"},{"ancestorTitles":["entities","#shouldKeepEntityByAttribute","attribute presence"],"failureMessages":[],"fullName":"entities #shouldKeepEntityByAttribute attribute presence requested, absent","location":null,"status":"passed","title":"requested, absent"},{"ancestorTitles":["entities","#shouldKeepEntityByAttribute","attribute presence"],"failureMessages":[],"fullName":"entities #shouldKeepEntityByAttribute attribute presence requested, present","location":null,"status":"passed","title":"requested, present"},{"ancestorTitles":["entities","#shouldKeepEntityByAttribute","attribute presence"],"failureMessages":[],"fullName":"entities #shouldKeepEntityByAttribute attribute presence requested out, absent","location":null,"status":"passed","title":"requested out, absent"},{"ancestorTitles":["entities","#shouldKeepEntityByAttribute","attribute presence"],"failureMessages":[],"fullName":"entities #shouldKeepEntityByAttribute attribute presence requested out, present","location":null,"status":"passed","title":"requested out, present"},{"ancestorTitles":["entities","#shouldKeepEntityByAttribute","defaults"],"failureMessages":[],"fullName":"entities #shouldKeepEntityByAttribute defaults missing config","location":null,"status":"passed","title":"missing config"},{"ancestorTitles":["entities","#shouldKeepEntityByAttribute","defaults"],"failureMessages":[],"fullName":"entities #shouldKeepEntityByAttribute defaults no allowlist","location":null,"status":"passed","title":"no allowlist"},{"ancestorTitles":["entities","#shouldKeepEntityByAttribute","defaults"],"failureMessages":[],"fullName":"entities #shouldKeepEntityByAttribute defaults deprecated whitelist","location":null,"status":"passed","title":"deprecated whitelist"},{"ancestorTitles":["entities","#shouldKeepEntityByAttribute","defaults"],"failureMessages":[],"fullName":"entities #shouldKeepEntityByAttribute defaults invalid – both allowlist and whitelist","location":null,"status":"passed","title":"invalid – both allowlist and whitelist"},{"ancestorTitles":["entities","#filterEntityData"],"failureMessages":[],"fullName":"entities #filterEntityData works","location":null,"status":"passed","title":"works"},{"ancestorTitles":["entities","#filterEntityData"],"failureMessages":[],"fullName":"entities #filterEntityData no filtering = no change","location":null,"status":"passed","title":"no filtering = no change"},{"ancestorTitles":["entities","#filterEntityData","defaults"],"failureMessages":[],"fullName":"entities #filterEntityData defaults missing config","location":null,"status":"passed","title":"missing config"},{"ancestorTitles":["entities","#filterEntityData","defaults"],"failureMessages":[],"fullName":"entities #filterEntityData defaults no allowlist","location":null,"status":"passed","title":"no allowlist"}],"endTime":1689392415670,"message":"","name":"/home/runner/work/draftjs-filters/draftjs-filters/src/lib/filters/entities.test.ts","startTime":1689392415212,"status":"passed","summary":""},{"assertionResults":[{"ancestorTitles":["selection","#applyContentWithSelection"],"failureMessages":[],"fullName":"selection #applyContentWithSelection does not alter editorState if content is the same before / after filters","location":null,"status":"passed","title":"does not alter editorState if content is the same before / after filters"},{"ancestorTitles":["selection","#applyContentWithSelection"],"failureMessages":[],"fullName":"selection #applyContentWithSelection inserts a block if there is none left, with selection on it","location":null,"status":"passed","title":"inserts a block if there is none left, with selection on it"},{"ancestorTitles":["selection","#applyContentWithSelection"],"failureMessages":[],"fullName":"selection #applyContentWithSelection does not change selection if valid","location":null,"status":"passed","title":"does not change selection if valid"},{"ancestorTitles":["selection","#applyContentWithSelection"],"failureMessages":[],"fullName":"selection #applyContentWithSelection does not change selection if not collapsed","location":null,"status":"passed","title":"does not change selection if not collapsed"},{"ancestorTitles":["selection","#applyContentWithSelection"],"failureMessages":[],"fullName":"selection #applyContentWithSelection works for the last block","location":null,"status":"passed","title":"works for the last block"},{"ancestorTitles":["selection","#applyContentWithSelection"],"failureMessages":[],"fullName":"selection #applyContentWithSelection works on a random block","location":null,"status":"passed","title":"works on a random block"},{"ancestorTitles":["selection","#applyContentWithSelection"],"failureMessages":[],"fullName":"selection #applyContentWithSelection works with multiple blocks removed","location":null,"status":"passed","title":"works with multiple blocks removed"},{"ancestorTitles":["selection","#applyContentWithSelection"],"failureMessages":[],"fullName":"selection #applyContentWithSelection works with consecutive blocks removed","location":null,"status":"passed","title":"works with consecutive blocks removed"},{"ancestorTitles":["selection","#applyContentWithSelection"],"failureMessages":[],"fullName":"selection #applyContentWithSelection fail-safe if new selection location cannot be determined","location":null,"status":"passed","title":"fail-safe if new selection location cannot be determined"}],"endTime":1689392416121,"message":"","name":"/home/runner/work/draftjs-filters/draftjs-filters/src/lib/filters/selection.test.ts","startTime":1689392415685,"status":"passed","summary":""},{"assertionResults":[{"ancestorTitles":["blocks","#removeInvalidDepthBlocks"],"failureMessages":[],"fullName":"blocks #removeInvalidDepthBlocks normalises depth to a given number","location":null,"status":"passed","title":"normalises depth to a given number"},{"ancestorTitles":["blocks","#removeInvalidDepthBlocks"],"failureMessages":[],"fullName":"blocks #removeInvalidDepthBlocks no normalisation = no change","location":null,"status":"passed","title":"no normalisation = no change"},{"ancestorTitles":["blocks","#limitBlockDepth"],"failureMessages":[],"fullName":"blocks #limitBlockDepth normalises depth to a given number","location":null,"status":"passed","title":"normalises depth to a given number"},{"ancestorTitles":["blocks","#limitBlockDepth"],"failureMessages":[],"fullName":"blocks #limitBlockDepth no normalisation = no change","location":null,"status":"passed","title":"no normalisation = no change"},{"ancestorTitles":["blocks","#preserveBlockByText"],"failureMessages":[],"fullName":"blocks #preserveBlockByText works","location":null,"status":"passed","title":"works"},{"ancestorTitles":["blocks","#preserveBlockByText"],"failureMessages":[],"fullName":"blocks #preserveBlockByText no normalisation = no change","location":null,"status":"passed","title":"no normalisation = no change"},{"ancestorTitles":["blocks","#filterBlockTypes"],"failureMessages":[],"fullName":"blocks #filterBlockTypes works","location":null,"status":"passed","title":"works"},{"ancestorTitles":["blocks","#filterBlockTypes"],"failureMessages":[],"fullName":"blocks #filterBlockTypes no normalisation = no change","location":null,"status":"passed","title":"no normalisation = no change"}],"endTime":1689392416554,"message":"","name":"/home/runner/work/draftjs-filters/draftjs-filters/src/lib/filters/blocks.test.ts","startTime":1689392416158,"status":"passed","summary":""},{"assertionResults":[{"ancestorTitles":["FilterableEditor"],"failureMessages":[],"fullName":"FilterableEditor renders","location":null,"status":"passed","title":"renders"},{"ancestorTitles":["FilterableEditor","#extended"],"failureMessages":[],"fullName":"FilterableEditor #extended works","location":null,"status":"passed","title":"works"},{"ancestorTitles":["FilterableEditor","#extended"],"failureMessages":[],"fullName":"FilterableEditor #extended save feature","location":null,"status":"passed","title":"save feature"},{"ancestorTitles":["FilterableEditor","onChange"],"failureMessages":[],"fullName":"FilterableEditor onChange works","location":null,"status":"passed","title":"works"},{"ancestorTitles":["FilterableEditor","onChange"],"failureMessages":[],"fullName":"FilterableEditor onChange #filtered","location":null,"status":"passed","title":"#filtered"},{"ancestorTitles":["FilterableEditor","onChange"],"failureMessages":[],"fullName":"FilterableEditor onChange #filtered shouldFilterPaste","location":null,"status":"passed","title":"#filtered shouldFilterPaste"},{"ancestorTitles":["FilterableEditor","onChange"],"failureMessages":[],"fullName":"FilterableEditor onChange #filtered shouldFilterPaste #extended","location":null,"status":"passed","title":"#filtered shouldFilterPaste #extended"},{"ancestorTitles":["FilterableEditor"],"failureMessages":[],"fullName":"FilterableEditor toggleStyle","location":null,"status":"passed","title":"toggleStyle"},{"ancestorTitles":["FilterableEditor"],"failureMessages":[],"fullName":"FilterableEditor toggleBlock","location":null,"status":"passed","title":"toggleBlock"},{"ancestorTitles":["FilterableEditor"],"failureMessages":[],"fullName":"FilterableEditor toggleEntity - LINK","location":null,"status":"passed","title":"toggleEntity - LINK"},{"ancestorTitles":["FilterableEditor"],"failureMessages":[],"fullName":"FilterableEditor toggleEntity - IMAGE","location":null,"status":"passed","title":"toggleEntity - IMAGE"},{"ancestorTitles":["FilterableEditor"],"failureMessages":[],"fullName":"FilterableEditor blockRenderer","location":null,"status":"passed","title":"blockRenderer"},{"ancestorTitles":["FilterableEditor","keyBindingFn"],"failureMessages":[],"fullName":"FilterableEditor keyBindingFn works","location":null,"status":"passed","title":"works"},{"ancestorTitles":["FilterableEditor","keyBindingFn"],"failureMessages":[],"fullName":"FilterableEditor keyBindingFn works #extended","location":null,"status":"passed","title":"works #extended"},{"ancestorTitles":["FilterableEditor","keyBindingFn"],"failureMessages":[],"fullName":"FilterableEditor keyBindingFn does not change state directly with other keys","location":null,"status":"passed","title":"does not change state directly with other keys"},{"ancestorTitles":["FilterableEditor","handleKeyCommand"],"failureMessages":[],"fullName":"FilterableEditor handleKeyCommand draftjs internal, handled","location":null,"status":"passed","title":"draftjs internal, handled"},{"ancestorTitles":["FilterableEditor","handleKeyCommand"],"failureMessages":[],"fullName":"FilterableEditor handleKeyCommand draftjs internal, not handled","location":null,"status":"passed","title":"draftjs internal, not handled"}],"endTime":1689392417239,"message":"","name":"/home/runner/work/draftjs-filters/draftjs-filters/src/demo/components/FilterableEditor.test.tsx","startTime":1689392416566,"status":"passed","summary":""},{"assertionResults":[{"ancestorTitles":["No paste"],"failureMessages":[],"fullName":"No paste does not alter content entered manually","location":null,"status":"passed","title":"does not alter content entered manually"}],"endTime":1689392418032,"message":"","name":"/home/runner/work/draftjs-filters/draftjs-filters/src/tests/no-paste.test.ts","startTime":1689392417259,"status":"passed","summary":""},{"assertionResults":[{"ancestorTitles":["atomic","#preserveAtomicBlocks"],"failureMessages":[],"fullName":"atomic #preserveAtomicBlocks works","location":null,"status":"passed","title":"works"},{"ancestorTitles":["atomic","#preserveAtomicBlocks"],"failureMessages":[],"fullName":"atomic #preserveAtomicBlocks no normalisation = no change","location":null,"status":"passed","title":"no normalisation = no change"},{"ancestorTitles":["atomic","#resetAtomicBlocks"],"failureMessages":[],"fullName":"atomic #resetAtomicBlocks works","location":null,"status":"passed","title":"works"},{"ancestorTitles":["atomic","#resetAtomicBlocks"],"failureMessages":[],"fullName":"atomic #resetAtomicBlocks no filtering = no change","location":null,"status":"passed","title":"no filtering = no change"},{"ancestorTitles":["atomic","#removeInvalidAtomicBlocks"],"failureMessages":[],"fullName":"atomic #removeInvalidAtomicBlocks works","location":null,"status":"passed","title":"works"},{"ancestorTitles":["atomic","#removeInvalidAtomicBlocks"],"failureMessages":[],"fullName":"atomic #removeInvalidAtomicBlocks no filtering = no change","location":null,"status":"passed","title":"no filtering = no change"}],"endTime":1689392418416,"message":"","name":"/home/runner/work/draftjs-filters/draftjs-filters/src/lib/filters/atomic.test.ts","startTime":1689392418058,"status":"passed","summary":""},{"assertionResults":[{"ancestorTitles":["Link"],"failureMessages":[],"fullName":"Link renders","location":null,"status":"passed","title":"renders"},{"ancestorTitles":["linkStrategy"],"failureMessages":[],"fullName":"linkStrategy works","location":null,"status":"passed","title":"works"}],"endTime":1689392418784,"message":"","name":"/home/runner/work/draftjs-filters/draftjs-filters/src/demo/components/Link.test.tsx","startTime":1689392418428,"status":"passed","summary":""},{"assertionResults":[{"ancestorTitles":["text","#replaceTextBySpaces"],"failureMessages":[],"fullName":"text #replaceTextBySpaces works","location":null,"status":"passed","title":"works"},{"ancestorTitles":["text"],"failureMessages":[],"fullName":"text no filtering = no change","location":null,"status":"passed","title":"no filtering = no change"}],"endTime":1689392419132,"message":"","name":"/home/runner/work/draftjs-filters/draftjs-filters/src/lib/filters/text.test.ts","startTime":1689392418797,"status":"passed","summary":""},{"assertionResults":[{"ancestorTitles":["styles","#filterInlineStyles"],"failureMessages":[],"fullName":"styles #filterInlineStyles works","location":null,"status":"passed","title":"works"},{"ancestorTitles":["styles","#filterInlineStyles"],"failureMessages":[],"fullName":"styles #filterInlineStyles no filtering = no change","location":null,"status":"passed","title":"no filtering = no change"}],"endTime":1689392419474,"message":"","name":"/home/runner/work/draftjs-filters/draftjs-filters/src/lib/filters/styles.test.ts","startTime":1689392419146,"status":"passed","summary":""},{"assertionResults":[{"ancestorTitles":["Image"],"failureMessages":[],"fullName":"Image renders","location":null,"status":"passed","title":"renders"},{"ancestorTitles":["Image"],"failureMessages":[],"fullName":"Image no entity","location":null,"status":"passed","title":"no entity"}],"endTime":1689392419824,"message":"","name":"/home/runner/work/draftjs-filters/draftjs-filters/src/demo/components/Image.test.tsx","startTime":1689392419494,"status":"passed","summary":""},{"assertionResults":[{"ancestorTitles":["SentryBoundary"],"failureMessages":[],"fullName":"SentryBoundary renders","location":null,"status":"passed","title":"renders"},{"ancestorTitles":["SentryBoundary"],"failureMessages":[],"fullName":"SentryBoundary componentDidCatch","location":null,"status":"passed","title":"componentDidCatch"},{"ancestorTitles":["SentryBoundary"],"failureMessages":[],"fullName":"SentryBoundary #error","location":null,"status":"passed","title":"#error"},{"ancestorTitles":["SentryBoundary"],"failureMessages":[],"fullName":"SentryBoundary #error reload","location":null,"status":"passed","title":"#error reload"}],"endTime":1689392420240,"message":"","name":"/home/runner/work/draftjs-filters/draftjs-filters/src/demo/components/SentryBoundary.test.tsx","startTime":1689392419846,"status":"passed","summary":""},{"assertionResults":[{"ancestorTitles":["draftjs-filters"],"failureMessages":[],"fullName":"draftjs-filters has a stable API","location":null,"status":"passed","title":"has a stable API"}],"endTime":1689392420583,"message":"","name":"/home/runner/work/draftjs-filters/draftjs-filters/src/lib/index.test.ts","startTime":1689392420254,"status":"passed","summary":""},{"assertionResults":[{"ancestorTitles":["Highlight"],"failureMessages":[],"fullName":"Highlight renders","location":null,"status":"passed","title":"renders"},{"ancestorTitles":["Highlight"],"failureMessages":[],"fullName":"Highlight onCopy","location":null,"status":"passed","title":"onCopy"}],"endTime":1689392420870,"message":"","name":"/home/runner/work/draftjs-filters/draftjs-filters/src/demo/components/Highlight.test.tsx","startTime":1689392420602,"status":"passed","summary":""},{"assertionResults":[{"ancestorTitles":["demo"],"failureMessages":[],"fullName":"demo mount","location":null,"status":"passed","title":"mount"},{"ancestorTitles":["demo"],"failureMessages":[],"fullName":"demo no mount","location":null,"status":"passed","title":"no mount"}],"endTime":1689392421438,"message":"","name":"/home/runner/work/draftjs-filters/draftjs-filters/src/index.test.ts","startTime":1689392420880,"status":"passed","summary":""},{"assertionResults":[{"ancestorTitles":["Microsoft Word"],"failureMessages":[],"fullName":"Microsoft Word word2010-chrome62-win81","location":null,"status":"passed","title":"word2010-chrome62-win81"},{"ancestorTitles":["Microsoft Word"],"failureMessages":[],"fullName":"Microsoft Word word2010-firefox57-win81","location":null,"status":"passed","title":"word2010-firefox57-win81"},{"ancestorTitles":["Microsoft Word"],"failureMessages":[],"fullName":"Microsoft Word word2010-ie11-noequation-strippastedstyles-win81","location":null,"status":"passed","title":"word2010-ie11-noequation-strippastedstyles-win81"},{"ancestorTitles":["Microsoft Word"],"failureMessages":[],"fullName":"Microsoft Word word2010-ie11-noequation-win81","location":null,"status":"passed","title":"word2010-ie11-noequation-win81"},{"ancestorTitles":["Microsoft Word"],"failureMessages":[],"fullName":"Microsoft Word word-safari-ios11","location":null,"status":"passed","title":"word-safari-ios11"}],"endTime":1689392422596,"message":"","name":"/home/runner/work/draftjs-filters/draftjs-filters/src/tests/word.test.ts","startTime":1689392421453,"status":"passed","summary":""},{"assertionResults":[{"ancestorTitles":["Dropbox Paper"],"failureMessages":[],"fullName":"Dropbox Paper dropboxpaper-chrome62-macos1013","location":null,"status":"passed","title":"dropboxpaper-chrome62-macos1013"},{"ancestorTitles":["Dropbox Paper"],"failureMessages":[],"fullName":"Dropbox Paper dropboxpaper-chrome62-win81","location":null,"status":"passed","title":"dropboxpaper-chrome62-win81"},{"ancestorTitles":["Dropbox Paper"],"failureMessages":[],"fullName":"Dropbox Paper dropboxpaper-edge16-win10","location":null,"status":"passed","title":"dropboxpaper-edge16-win10"},{"ancestorTitles":["Dropbox Paper"],"failureMessages":[],"fullName":"Dropbox Paper dropboxpaper-firefox57-macos1013","location":null,"status":"passed","title":"dropboxpaper-firefox57-macos1013"},{"ancestorTitles":["Dropbox Paper"],"failureMessages":[],"fullName":"Dropbox Paper dropboxpaper-firefox57-win81","location":null,"status":"passed","title":"dropboxpaper-firefox57-win81"},{"ancestorTitles":["Dropbox Paper"],"failureMessages":[],"fullName":"Dropbox Paper dropboxpaper-ie11-unsupported-strippastedstyles-win81","location":null,"status":"passed","title":"dropboxpaper-ie11-unsupported-strippastedstyles-win81"},{"ancestorTitles":["Dropbox Paper"],"failureMessages":[],"fullName":"Dropbox Paper dropboxpaper-ie11-unsupported-win81","location":null,"status":"passed","title":"dropboxpaper-ie11-unsupported-win81"},{"ancestorTitles":["Dropbox Paper"],"failureMessages":[],"fullName":"Dropbox Paper dropboxpaper-safari-ios11","location":null,"status":"passed","title":"dropboxpaper-safari-ios11"},{"ancestorTitles":["Dropbox Paper"],"failureMessages":[],"fullName":"Dropbox Paper dropboxpaper-safari11-macos1013","location":null,"status":"passed","title":"dropboxpaper-safari11-macos1013"}],"endTime":1689392423825,"message":"","name":"/home/runner/work/draftjs-filters/draftjs-filters/src/tests/paper.test.ts","startTime":1689392422611,"status":"passed","summary":""},{"assertionResults":[{"ancestorTitles":["Word Online"],"failureMessages":[],"fullName":"Word Online wordonline-chrome62-macos1013","location":null,"status":"passed","title":"wordonline-chrome62-macos1013"},{"ancestorTitles":["Word Online"],"failureMessages":[],"fullName":"Word Online wordonline-chrome62-win81","location":null,"status":"passed","title":"wordonline-chrome62-win81"},{"ancestorTitles":["Word Online"],"failureMessages":[],"fullName":"Word Online wordonline-edge16-win10","location":null,"status":"passed","title":"wordonline-edge16-win10"},{"ancestorTitles":["Word Online"],"failureMessages":[],"fullName":"Word Online wordonline-firefox57-macos1013","location":null,"status":"passed","title":"wordonline-firefox57-macos1013"},{"ancestorTitles":["Word Online"],"failureMessages":[],"fullName":"Word Online wordonline-firefox57-win81","location":null,"status":"passed","title":"wordonline-firefox57-win81"},{"ancestorTitles":["Word Online"],"failureMessages":[],"fullName":"Word Online wordonline-safari11-macos1013","location":null,"status":"passed","title":"wordonline-safari11-macos1013"}],"endTime":1689392424972,"message":"","name":"/home/runner/work/draftjs-filters/draftjs-filters/src/tests/wordonline.test.ts","startTime":1689392423840,"status":"passed","summary":""},{"assertionResults":[{"ancestorTitles":["Google Docs"],"failureMessages":[],"fullName":"Google Docs googledocs-chrome62-macos1013","location":null,"status":"passed","title":"googledocs-chrome62-macos1013"},{"ancestorTitles":["Google Docs"],"failureMessages":[],"fullName":"Google Docs googledocs-chrome62-win81","location":null,"status":"passed","title":"googledocs-chrome62-win81"},{"ancestorTitles":["Google Docs"],"failureMessages":[],"fullName":"Google Docs googledocs-edge16-win10","location":null,"status":"passed","title":"googledocs-edge16-win10"},{"ancestorTitles":["Google Docs"],"failureMessages":[],"fullName":"Google Docs googledocs-firefox57-macos1013","location":null,"status":"passed","title":"googledocs-firefox57-macos1013"},{"ancestorTitles":["Google Docs"],"failureMessages":[],"fullName":"Google Docs googledocs-firefox57-win81","location":null,"status":"passed","title":"googledocs-firefox57-win81"},{"ancestorTitles":["Google Docs"],"failureMessages":[],"fullName":"Google Docs googledocs-ie11-strippastedstyles-win81","location":null,"status":"passed","title":"googledocs-ie11-strippastedstyles-win81"},{"ancestorTitles":["Google Docs"],"failureMessages":[],"fullName":"Google Docs googledocs-ie11-win81","location":null,"status":"passed","title":"googledocs-ie11-win81"},{"ancestorTitles":["Google Docs"],"failureMessages":[],"fullName":"Google Docs googledocs-safari-ios11","location":null,"status":"passed","title":"googledocs-safari-ios11"},{"ancestorTitles":["Google Docs"],"failureMessages":[],"fullName":"Google Docs googledocs-safari11-macos1013","location":null,"status":"passed","title":"googledocs-safari11-macos1013"}],"endTime":1689392426219,"message":"","name":"/home/runner/work/draftjs-filters/draftjs-filters/src/tests/docs.test.ts","startTime":1689392424988,"status":"passed","summary":""},{"assertionResults":[{"ancestorTitles":["Apple Pages"],"failureMessages":[],"fullName":"Apple Pages applepages-chrome62-macos1013","location":null,"status":"passed","title":"applepages-chrome62-macos1013"},{"ancestorTitles":["Apple Pages"],"failureMessages":[],"fullName":"Apple Pages applepages-firefox57-macos1013","location":null,"status":"passed","title":"applepages-firefox57-macos1013"},{"ancestorTitles":["Apple Pages"],"failureMessages":[],"fullName":"Apple Pages applepages-safari-ios11","location":null,"status":"passed","title":"applepages-safari-ios11"},{"ancestorTitles":["Apple Pages"],"failureMessages":[],"fullName":"Apple Pages applepages-safari11-macos1013","location":null,"status":"passed","title":"applepages-safari11-macos1013"}],"endTime":1689392427223,"message":"","name":"/home/runner/work/draftjs-filters/draftjs-filters/src/tests/pages.test.ts","startTime":1689392426234,"status":"passed","summary":""},{"assertionResults":[{"ancestorTitles":["Draft.js"],"failureMessages":[],"fullName":"Draft.js draftjs-chrome64-macos1013","location":null,"status":"passed","title":"draftjs-chrome64-macos1013"}],"endTime":1689392427882,"message":"","name":"/home/runner/work/draftjs-filters/draftjs-filters/src/tests/draftjs.test.ts","startTime":1689392427240,"status":"passed","summary":""},{"assertionResults":[{"ancestorTitles":["App"],"failureMessages":[],"fullName":"App renders","location":null,"status":"passed","title":"renders"}],"endTime":1689392428251,"message":"","name":"/home/runner/work/draftjs-filters/draftjs-filters/src/demo/components/App.test.tsx","startTime":1689392427906,"status":"passed","summary":""}],"wasInterrupted":false,"coverageMap":{"/home/runner/work/draftjs-filters/draftjs-filters/src/lib/constants.ts":{"path":"/home/runner/work/draftjs-filters/draftjs-filters/src/lib/constants.ts","statementMap":{"0":{"start":{"line":1,"column":22},"end":{"line":1,"column":30}},"1":{"start":{"line":2,"column":24},"end":{"line":2,"column":34}},"2":{"start":{"line":3,"column":35},"end":{"line":3,"column":56}},"3":{"start":{"line":4,"column":33},"end":{"line":4,"column":52}},"4":{"start":{"line":6,"column":21},"end":{"line":6,"column":28}}},"fnMap":{},"branchMap":{},"s":{"0":17,"1":17,"2":17,"3":17,"4":17},"f":{},"b":{},"_coverageSchema":"1a1c01bbd47fc00a2c39e90264f33305004495a9","hash":"07fcf152f93566e10188309acecd0f6bc456261e"},"/home/runner/work/draftjs-filters/draftjs-filters/src/lib/filters/atomic.ts":{"path":"/home/runner/work/draftjs-filters/draftjs-filters/src/lib/filters/atomic.ts","statementMap":{"0":{"start":{"line":11,"column":36},"end":{"line":32,"column":1}},"1":{"start":{"line":12,"column":19},"end":{"line":12,"column":40}},"2":{"start":{"line":14,"column":26},"end":{"line":23,"column":63}},"3":{"start":{"line":16,"column":19},"end":{"line":16,"column":35}},"4":{"start":{"line":17,"column":24},"end":{"line":17,"column":45}},"5":{"start":{"line":19,"column":8},"end":{"line":19,"column":63}},"6":{"start":{"line":21,"column":6},"end":{"line":21,"column":27}},"7":{"start":{"line":23,"column":20},"end":{"line":23,"column":62}},"8":{"start":{"line":25,"column":2},"end":{"line":29,"column":3}},"9":{"start":{"line":26,"column":4},"end":{"line":28,"column":22}},"10":{"start":{"line":31,"column":2},"end":{"line":31,"column":16}},"11":{"start":{"line":38,"column":33},"end":{"line":76,"column":1}},"12":{"start":{"line":39,"column":19},"end":{"line":39,"column":40}},"13":{"start":{"line":40,"column":15},"end":{"line":40,"column":23}},"14":{"start":{"line":42,"column":27},"end":{"line":67,"column":6}},"15":{"start":{"line":45,"column":8},"end":{"line":46,"column":75}},"16":{"start":{"line":50,"column":20},"end":{"line":61,"column":10}},"17":{"start":{"line":54,"column":24},"end":{"line":54,"column":49}},"18":{"start":{"line":56,"column":10},"end":{"line":58,"column":12}},"19":{"start":{"line":57,"column":12},"end":{"line":57,"column":76}},"20":{"start":{"line":60,"column":10},"end":{"line":60,"column":24}},"21":{"start":{"line":63,"column":6},"end":{"line":66,"column":24}},"22":{"start":{"line":69,"column":2},"end":{"line":71,"column":3}},"23":{"start":{"line":70,"column":4},"end":{"line":70,"column":43}},"24":{"start":{"line":73,"column":2},"end":{"line":75,"column":20}},"25":{"start":{"line":81,"column":41},"end":{"line":115,"column":1}},"26":{"start":{"line":85,"column":19},"end":{"line":85,"column":40}},"27":{"start":{"line":87,"column":29},"end":{"line":104,"column":3}},"28":{"start":{"line":88,"column":4},"end":{"line":90,"column":5}},"29":{"start":{"line":89,"column":6},"end":{"line":89,"column":17}},"30":{"start":{"line":92,"column":22},"end":{"line":92,"column":43}},"31":{"start":{"line":95,"column":4},"end":{"line":101,"column":5}},"32":{"start":{"line":96,"column":19},"end":{"line":96,"column":57}},"33":{"start":{"line":98,"column":6},"end":{"line":98,"column":54}},"34":{"start":{"line":98,"column":38},"end":{"line":98,"column":53}},"35":{"start":{"line":100,"column":6},"end":{"line":100,"column":21}},"36":{"start":{"line":103,"column":4},"end":{"line":103,"column":18}},"37":{"start":{"line":106,"column":25},"end":{"line":106,"column":60}},"38":{"start":{"line":108,"column":2},"end":{"line":112,"column":3}},"39":{"start":{"line":109,"column":4},"end":{"line":111,"column":22}},"40":{"start":{"line":114,"column":2},"end":{"line":114,"column":16}}},"fnMap":{"0":{"name":"(anonymous_0)","decl":{"start":{"line":11,"column":36},"end":{"line":11,"column":37}},"loc":{"start":{"line":11,"column":63},"end":{"line":32,"column":1}},"line":11},"1":{"name":"(anonymous_1)","decl":{"start":{"line":15,"column":12},"end":{"line":15,"column":13}},"loc":{"start":{"line":15,"column":23},"end":{"line":22,"column":5}},"line":15},"2":{"name":"(anonymous_2)","decl":{"start":{"line":23,"column":9},"end":{"line":23,"column":10}},"loc":{"start":{"line":23,"column":20},"end":{"line":23,"column":62}},"line":23},"3":{"name":"(anonymous_3)","decl":{"start":{"line":38,"column":33},"end":{"line":38,"column":34}},"loc":{"start":{"line":38,"column":60},"end":{"line":76,"column":1}},"line":38},"4":{"name":"(anonymous_4)","decl":{"start":{"line":44,"column":6},"end":{"line":44,"column":7}},"loc":{"start":{"line":45,"column":8},"end":{"line":46,"column":75}},"line":45},"5":{"name":"(anonymous_5)","decl":{"start":{"line":48,"column":9},"end":{"line":48,"column":10}},"loc":{"start":{"line":48,"column":20},"end":{"line":67,"column":5}},"line":48},"6":{"name":"(anonymous_6)","decl":{"start":{"line":53,"column":13},"end":{"line":53,"column":14}},"loc":{"start":{"line":53,"column":23},"end":{"line":61,"column":9}},"line":53},"7":{"name":"(anonymous_7)","decl":{"start":{"line":56,"column":35},"end":{"line":56,"column":36}},"loc":{"start":{"line":56,"column":45},"end":{"line":58,"column":11}},"line":56},"8":{"name":"(anonymous_8)","decl":{"start":{"line":81,"column":41},"end":{"line":81,"column":42}},"loc":{"start":{"line":84,"column":5},"end":{"line":115,"column":1}},"line":84},"9":{"name":"(anonymous_9)","decl":{"start":{"line":87,"column":29},"end":{"line":87,"column":30}},"loc":{"start":{"line":87,"column":55},"end":{"line":104,"column":3}},"line":87},"10":{"name":"(anonymous_10)","decl":{"start":{"line":98,"column":31},"end":{"line":98,"column":32}},"loc":{"start":{"line":98,"column":38},"end":{"line":98,"column":53}},"line":98}},"branchMap":{"0":{"loc":{"start":{"line":19,"column":8},"end":{"line":19,"column":63}},"type":"binary-expr","locations":[{"start":{"line":19,"column":8},"end":{"line":19,"column":26}},{"start":{"line":19,"column":30},"end":{"line":19,"column":63}}],"line":19},"1":{"loc":{"start":{"line":25,"column":2},"end":{"line":29,"column":3}},"type":"if","locations":[{"start":{"line":25,"column":2},"end":{"line":29,"column":3}},{"start":{},"end":{}}],"line":25},"2":{"loc":{"start":{"line":45,"column":8},"end":{"line":46,"column":75}},"type":"binary-expr","locations":[{"start":{"line":45,"column":8},"end":{"line":45,"column":35}},{"start":{"line":46,"column":9},"end":{"line":46,"column":33}},{"start":{"line":46,"column":37},"end":{"line":46,"column":74}}],"line":45},"3":{"loc":{"start":{"line":69,"column":2},"end":{"line":71,"column":3}},"type":"if","locations":[{"start":{"line":69,"column":2},"end":{"line":71,"column":3}},{"start":{},"end":{}}],"line":69},"4":{"loc":{"start":{"line":88,"column":4},"end":{"line":90,"column":5}},"type":"if","locations":[{"start":{"line":88,"column":4},"end":{"line":90,"column":5}},{"start":{},"end":{}}],"line":88},"5":{"loc":{"start":{"line":95,"column":4},"end":{"line":101,"column":5}},"type":"if","locations":[{"start":{"line":95,"column":4},"end":{"line":101,"column":5}},{"start":{"line":99,"column":11},"end":{"line":101,"column":5}}],"line":95},"6":{"loc":{"start":{"line":108,"column":2},"end":{"line":112,"column":3}},"type":"if","locations":[{"start":{"line":108,"column":2},"end":{"line":112,"column":3}},{"start":{},"end":{}}],"line":108}},"s":{"0":15,"1":87,"2":87,"3":5187,"4":5187,"5":5187,"6":5187,"7":87,"8":87,"9":33,"10":54,"11":15,"12":87,"13":87,"14":87,"15":5185,"16":53,"17":53,"18":53,"19":3,"20":53,"21":53,"22":87,"23":24,"24":87,"25":15,"26":87,"27":87,"28":5184,"29":5094,"30":90,"31":90,"32":58,"33":58,"34":97,"35":32,"36":90,"37":87,"38":87,"39":16,"40":71},"f":{"0":87,"1":5187,"2":87,"3":87,"4":5185,"5":53,"6":53,"7":3,"8":87,"9":5184,"10":97},"b":{"0":[5187,113],"1":[33,54],"2":[5185,91,41],"3":[24,63],"4":[5094,90],"5":[58,32],"6":[16,71]},"_coverageSchema":"1a1c01bbd47fc00a2c39e90264f33305004495a9","hash":"28f56708535fc788adb09dcd55c38861fe6adf47"},"/home/runner/work/draftjs-filters/draftjs-filters/src/lib/filters/blocks.ts":{"path":"/home/runner/work/draftjs-filters/draftjs-filters/src/lib/filters/blocks.ts","statementMap":{"0":{"start":{"line":8,"column":40},"end":{"line":28,"column":1}},"1":{"start":{"line":9,"column":19},"end":{"line":9,"column":40}},"2":{"start":{"line":11,"column":28},"end":{"line":17,"column":3}},"3":{"start":{"line":12,"column":24},"end":{"line":14,"column":5}},"4":{"start":{"line":16,"column":4},"end":{"line":16,"column":49}},"5":{"start":{"line":19,"column":25},"end":{"line":19,"column":59}},"6":{"start":{"line":21,"column":2},"end":{"line":25,"column":3}},"7":{"start":{"line":22,"column":4},"end":{"line":24,"column":22}},"8":{"start":{"line":27,"column":2},"end":{"line":27,"column":16}},"9":{"start":{"line":51,"column":35},"end":{"line":113,"column":1}},"10":{"start":{"line":55,"column":19},"end":{"line":55,"column":40}},"11":{"start":{"line":57,"column":17},"end":{"line":106,"column":6}},"12":{"start":{"line":58,"column":23},"end":{"line":58,"column":54}},"13":{"start":{"line":60,"column":19},"end":{"line":60,"column":35}},"14":{"start":{"line":61,"column":21},"end":{"line":61,"column":42}},"15":{"start":{"line":64,"column":27},"end":{"line":67,"column":8}},"16":{"start":{"line":65,"column":8},"end":{"line":65,"column":48}},"17":{"start":{"line":66,"column":8},"end":{"line":66,"column":29}},"18":{"start":{"line":69,"column":6},"end":{"line":103,"column":7}},"19":{"start":{"line":70,"column":21},"end":{"line":70,"column":39}},"20":{"start":{"line":71,"column":23},"end":{"line":71,"column":46}},"21":{"start":{"line":75,"column":8},"end":{"line":77,"column":9}},"22":{"start":{"line":76,"column":10},"end":{"line":76,"column":25}},"23":{"start":{"line":86,"column":28},"end":{"line":86,"column":43}},"24":{"start":{"line":90,"column":20},"end":{"line":90,"column":47}},"25":{"start":{"line":91,"column":26},"end":{"line":91,"column":27}},"26":{"start":{"line":92,"column":8},"end":{"line":95,"column":9}},"27":{"start":{"line":93,"column":10},"end":{"line":93,"column":31}},"28":{"start":{"line":94,"column":10},"end":{"line":94,"column":23}},"29":{"start":{"line":97,"column":8},"end":{"line":102,"column":26}},"30":{"start":{"line":105,"column":6},"end":{"line":105,"column":21}},"31":{"start":{"line":108,"column":2},"end":{"line":112,"column":25}},"32":{"start":{"line":118,"column":31},"end":{"line":130,"column":1}},"33":{"start":{"line":119,"column":19},"end":{"line":119,"column":40}},"34":{"start":{"line":121,"column":24},"end":{"line":123,"column":61}},"35":{"start":{"line":122,"column":23},"end":{"line":122,"column":46}},"36":{"start":{"line":123,"column":20},"end":{"line":123,"column":60}},"37":{"start":{"line":125,"column":2},"end":{"line":129,"column":25}},"38":{"start":{"line":136,"column":32},"end":{"line":157,"column":1}},"39":{"start":{"line":140,"column":19},"end":{"line":140,"column":40}},"40":{"start":{"line":142,"column":24},"end":{"line":150,"column":5}},"41":{"start":{"line":143,"column":23},"end":{"line":143,"column":60}},"42":{"start":{"line":146,"column":8},"end":{"line":149,"column":26}},"43":{"start":{"line":152,"column":2},"end":{"line":156,"column":25}}},"fnMap":{"0":{"name":"(anonymous_0)","decl":{"start":{"line":8,"column":40},"end":{"line":8,"column":41}},"loc":{"start":{"line":8,"column":67},"end":{"line":28,"column":1}},"line":8},"1":{"name":"(anonymous_1)","decl":{"start":{"line":11,"column":28},"end":{"line":11,"column":29}},"loc":{"start":{"line":11,"column":54},"end":{"line":17,"column":3}},"line":11},"2":{"name":"(anonymous_2)","decl":{"start":{"line":51,"column":35},"end":{"line":51,"column":36}},"loc":{"start":{"line":54,"column":5},"end":{"line":113,"column":1}},"line":54},"3":{"name":"(anonymous_3)","decl":{"start":{"line":58,"column":12},"end":{"line":58,"column":13}},"loc":{"start":{"line":58,"column":23},"end":{"line":58,"column":54}},"line":58},"4":{"name":"(anonymous_4)","decl":{"start":{"line":59,"column":9},"end":{"line":59,"column":10}},"loc":{"start":{"line":59,"column":20},"end":{"line":106,"column":5}},"line":59},"5":{"name":"(anonymous_5)","decl":{"start":{"line":64,"column":38},"end":{"line":64,"column":39}},"loc":{"start":{"line":64,"column":48},"end":{"line":67,"column":7}},"line":64},"6":{"name":"(anonymous_6)","decl":{"start":{"line":118,"column":31},"end":{"line":118,"column":32}},"loc":{"start":{"line":118,"column":71},"end":{"line":130,"column":1}},"line":118},"7":{"name":"(anonymous_7)","decl":{"start":{"line":122,"column":12},"end":{"line":122,"column":13}},"loc":{"start":{"line":122,"column":23},"end":{"line":122,"column":46}},"line":122},"8":{"name":"(anonymous_8)","decl":{"start":{"line":123,"column":9},"end":{"line":123,"column":10}},"loc":{"start":{"line":123,"column":20},"end":{"line":123,"column":60}},"line":123},"9":{"name":"(anonymous_9)","decl":{"start":{"line":136,"column":32},"end":{"line":136,"column":33}},"loc":{"start":{"line":139,"column":5},"end":{"line":157,"column":1}},"line":139},"10":{"name":"(anonymous_10)","decl":{"start":{"line":143,"column":12},"end":{"line":143,"column":13}},"loc":{"start":{"line":143,"column":23},"end":{"line":143,"column":60}},"line":143},"11":{"name":"(anonymous_11)","decl":{"start":{"line":145,"column":6},"end":{"line":145,"column":7}},"loc":{"start":{"line":146,"column":8},"end":{"line":149,"column":26}},"line":146}},"branchMap":{"0":{"loc":{"start":{"line":16,"column":11},"end":{"line":16,"column":49}},"type":"binary-expr","locations":[{"start":{"line":16,"column":11},"end":{"line":16,"column":22}},{"start":{"line":16,"column":26},"end":{"line":16,"column":49}}],"line":16},"1":{"loc":{"start":{"line":21,"column":2},"end":{"line":25,"column":3}},"type":"if","locations":[{"start":{"line":21,"column":2},"end":{"line":25,"column":3}},{"start":{},"end":{}}],"line":21},"2":{"loc":{"start":{"line":69,"column":6},"end":{"line":103,"column":7}},"type":"if","locations":[{"start":{"line":69,"column":6},"end":{"line":103,"column":7}},{"start":{},"end":{}}],"line":69},"3":{"loc":{"start":{"line":69,"column":10},"end":{"line":69,"column":43}},"type":"binary-expr","locations":[{"start":{"line":69,"column":10},"end":{"line":69,"column":22}},{"start":{"line":69,"column":26},"end":{"line":69,"column":31}},{"start":{"line":69,"column":35},"end":{"line":69,"column":43}}],"line":69},"4":{"loc":{"start":{"line":75,"column":8},"end":{"line":77,"column":9}},"type":"if","locations":[{"start":{"line":75,"column":8},"end":{"line":77,"column":9}},{"start":{},"end":{}}],"line":75},"5":{"loc":{"start":{"line":75,"column":12},"end":{"line":75,"column":39}},"type":"binary-expr","locations":[{"start":{"line":75,"column":12},"end":{"line":75,"column":18}},{"start":{"line":75,"column":22},"end":{"line":75,"column":39}}],"line":75},"6":{"loc":{"start":{"line":108,"column":9},"end":{"line":112,"column":25}},"type":"cond-expr","locations":[{"start":{"line":109,"column":6},"end":{"line":109,"column":13}},{"start":{"line":110,"column":7},"end":{"line":112,"column":24}}],"line":108},"7":{"loc":{"start":{"line":125,"column":9},"end":{"line":129,"column":25}},"type":"cond-expr","locations":[{"start":{"line":126,"column":6},"end":{"line":126,"column":13}},{"start":{"line":127,"column":7},"end":{"line":129,"column":24}}],"line":125},"8":{"loc":{"start":{"line":152,"column":9},"end":{"line":156,"column":25}},"type":"cond-expr","locations":[{"start":{"line":153,"column":6},"end":{"line":153,"column":13}},{"start":{"line":154,"column":7},"end":{"line":156,"column":24}}],"line":152}},"s":{"0":15,"1":87,"2":87,"3":5194,"4":5194,"5":87,"6":87,"7":6,"8":81,"9":15,"10":79,"11":79,"12":5184,"13":3849,"14":3849,"15":3849,"16":22355,"17":22355,"18":3849,"19":172,"20":172,"21":172,"22":11,"23":161,"24":161,"25":161,"26":161,"27":316,"28":316,"29":161,"30":3838,"31":79,"32":15,"33":79,"34":79,"35":5161,"36":9,"37":79,"38":15,"39":79,"40":79,"41":5162,"42":147,"43":79},"f":{"0":87,"1":5194,"2":79,"3":5184,"4":3849,"5":22355,"6":79,"7":5161,"8":9,"9":79,"10":5162,"11":147},"b":{"0":[5194,4115],"1":[6,81],"2":[172,3677],"3":[3849,172,172],"4":[11,161],"5":[172,22],"6":[1,78],"7":[76,3],"8":[60,19]},"_coverageSchema":"1a1c01bbd47fc00a2c39e90264f33305004495a9","hash":"b0c9923a6f62894cbc7fdd424908ec7dd4728a66"},"/home/runner/work/draftjs-filters/draftjs-filters/src/lib/filters/styles.ts":{"path":"/home/runner/work/draftjs-filters/draftjs-filters/src/lib/filters/styles.ts","statementMap":{"0":{"start":{"line":6,"column":34},"end":{"line":37,"column":1}},"1":{"start":{"line":10,"column":19},"end":{"line":10,"column":40}},"2":{"start":{"line":12,"column":17},"end":{"line":32,"column":4}},"3":{"start":{"line":13,"column":18},"end":{"line":13,"column":23}},"4":{"start":{"line":15,"column":18},"end":{"line":27,"column":6}},"5":{"start":{"line":16,"column":20},"end":{"line":16,"column":45}},"6":{"start":{"line":18,"column":6},"end":{"line":24,"column":10}},"7":{"start":{"line":20,"column":26},"end":{"line":20,"column":61}},"8":{"start":{"line":22,"column":10},"end":{"line":22,"column":24}},"9":{"start":{"line":23,"column":10},"end":{"line":23,"column":74}},"10":{"start":{"line":26,"column":6},"end":{"line":26,"column":20}},"11":{"start":{"line":29,"column":4},"end":{"line":31,"column":21}},"12":{"start":{"line":34,"column":2},"end":{"line":36,"column":20}}},"fnMap":{"0":{"name":"(anonymous_0)","decl":{"start":{"line":6,"column":34},"end":{"line":6,"column":35}},"loc":{"start":{"line":9,"column":5},"end":{"line":37,"column":1}},"line":9},"1":{"name":"(anonymous_1)","decl":{"start":{"line":12,"column":30},"end":{"line":12,"column":31}},"loc":{"start":{"line":12,"column":41},"end":{"line":32,"column":3}},"line":12},"2":{"name":"(anonymous_2)","decl":{"start":{"line":15,"column":48},"end":{"line":15,"column":49}},"loc":{"start":{"line":15,"column":58},"end":{"line":27,"column":5}},"line":15},"3":{"name":"(anonymous_3)","decl":{"start":{"line":20,"column":16},"end":{"line":20,"column":17}},"loc":{"start":{"line":20,"column":26},"end":{"line":20,"column":61}},"line":20},"4":{"name":"(anonymous_4)","decl":{"start":{"line":21,"column":17},"end":{"line":21,"column":18}},"loc":{"start":{"line":21,"column":27},"end":{"line":24,"column":9}},"line":21}},"branchMap":{"0":{"loc":{"start":{"line":30,"column":6},"end":{"line":30,"column":58}},"type":"cond-expr","locations":[{"start":{"line":30,"column":16},"end":{"line":30,"column":50}},{"start":{"line":30,"column":53},"end":{"line":30,"column":58}}],"line":30}},"s":{"0":15,"1":79,"2":79,"3":5159,"4":5159,"5":99353,"6":99353,"7":10424,"8":1005,"9":1005,"10":99353,"11":5159,"12":79},"f":{"0":79,"1":5159,"2":99353,"3":10424,"4":1005},"b":{"0":[82,5077]},"_coverageSchema":"1a1c01bbd47fc00a2c39e90264f33305004495a9","hash":"452175601a32e0bc11fc3e72ca634421b48cc135"},"/home/runner/work/draftjs-filters/draftjs-filters/src/lib/filters/entities.ts":{"path":"/home/runner/work/draftjs-filters/draftjs-filters/src/lib/filters/entities.ts","statementMap":{"0":{"start":{"line":31,"column":29},"end":{"line":95,"column":1}},"1":{"start":{"line":32,"column":19},"end":{"line":32,"column":26}},"2":{"start":{"line":33,"column":19},"end":{"line":33,"column":43}},"3":{"start":{"line":35,"column":40},"end":{"line":35,"column":42}},"4":{"start":{"line":38,"column":28},"end":{"line":50,"column":3}},"5":{"start":{"line":39,"column":16},"end":{"line":39,"column":37}},"6":{"start":{"line":41,"column":4},"end":{"line":47,"column":5}},"7":{"start":{"line":42,"column":6},"end":{"line":44,"column":7}},"8":{"start":{"line":43,"column":8},"end":{"line":43,"column":19}},"9":{"start":{"line":46,"column":6},"end":{"line":46,"column":35}},"10":{"start":{"line":49,"column":4},"end":{"line":49,"column":16}},"11":{"start":{"line":53,"column":17},"end":{"line":90,"column":4}},"12":{"start":{"line":54,"column":19},"end":{"line":54,"column":44}},"13":{"start":{"line":55,"column":18},"end":{"line":55,"column":23}},"14":{"start":{"line":58,"column":33},"end":{"line":83,"column":5}},"15":{"start":{"line":59,"column":18},"end":{"line":59,"column":49}},"16":{"start":{"line":60,"column":21},"end":{"line":60,"column":46}},"17":{"start":{"line":62,"column":6},"end":{"line":66,"column":7}},"18":{"start":{"line":67,"column":21},"end":{"line":67,"column":57}},"19":{"start":{"line":70,"column":6},"end":{"line":80,"column":35}},"20":{"start":{"line":71,"column":18},"end":{"line":71,"column":29}},"21":{"start":{"line":72,"column":8},"end":{"line":77,"column":9}},"22":{"start":{"line":73,"column":10},"end":{"line":76,"column":11}},"23":{"start":{"line":79,"column":8},"end":{"line":79,"column":19}},"24":{"start":{"line":82,"column":6},"end":{"line":82,"column":20}},"25":{"start":{"line":85,"column":4},"end":{"line":85,"column":68}},"26":{"start":{"line":87,"column":4},"end":{"line":89,"column":21}},"27":{"start":{"line":92,"column":2},"end":{"line":94,"column":20}},"28":{"start":{"line":102,"column":34},"end":{"line":150,"column":1}},"29":{"start":{"line":110,"column":19},"end":{"line":110,"column":40}},"30":{"start":{"line":120,"column":17},"end":{"line":145,"column":4}},"31":{"start":{"line":121,"column":18},"end":{"line":121,"column":23}},"32":{"start":{"line":123,"column":18},"end":{"line":140,"column":6}},"33":{"start":{"line":124,"column":24},"end":{"line":124,"column":41}},"34":{"start":{"line":126,"column":6},"end":{"line":137,"column":7}},"35":{"start":{"line":127,"column":29},"end":{"line":131,"column":9}},"36":{"start":{"line":133,"column":8},"end":{"line":136,"column":9}},"37":{"start":{"line":134,"column":10},"end":{"line":134,"column":24}},"38":{"start":{"line":135,"column":10},"end":{"line":135,"column":79}},"39":{"start":{"line":139,"column":6},"end":{"line":139,"column":17}},"40":{"start":{"line":142,"column":4},"end":{"line":144,"column":21}},"41":{"start":{"line":147,"column":2},"end":{"line":149,"column":20}},"42":{"start":{"line":155,"column":36},"end":{"line":160,"column":1}},"43":{"start":{"line":159,"column":2},"end":{"line":159,"column":47}},"44":{"start":{"line":159,"column":31},"end":{"line":159,"column":46}},"45":{"start":{"line":166,"column":39},"end":{"line":171,"column":1}},"46":{"start":{"line":170,"column":2},"end":{"line":170,"column":53}},"47":{"start":{"line":176,"column":43},"end":{"line":203,"column":1}},"48":{"start":{"line":181,"column":17},"end":{"line":181,"column":63}},"49":{"start":{"line":181,"column":41},"end":{"line":181,"column":62}},"50":{"start":{"line":184,"column":4},"end":{"line":188,"column":10}},"51":{"start":{"line":190,"column":18},"end":{"line":200,"column":4}},"52":{"start":{"line":191,"column":18},"end":{"line":191,"column":33}},"53":{"start":{"line":193,"column":4},"end":{"line":197,"column":5}},"54":{"start":{"line":194,"column":22},"end":{"line":194,"column":47}},"55":{"start":{"line":196,"column":6},"end":{"line":196,"column":39}},"56":{"start":{"line":199,"column":4},"end":{"line":199,"column":45}},"57":{"start":{"line":202,"column":2},"end":{"line":202,"column":16}},"58":{"start":{"line":212,"column":32},"end":{"line":255,"column":1}},"59":{"start":{"line":216,"column":19},"end":{"line":216,"column":26}},"60":{"start":{"line":217,"column":51},"end":{"line":217,"column":53}},"61":{"start":{"line":219,"column":2},"end":{"line":229,"column":4}},"62":{"start":{"line":221,"column":4},"end":{"line":228,"column":6}},"63":{"start":{"line":222,"column":24},"end":{"line":222,"column":40}},"64":{"start":{"line":223,"column":6},"end":{"line":226,"column":7}},"65":{"start":{"line":224,"column":23},"end":{"line":224,"column":54}},"66":{"start":{"line":225,"column":8},"end":{"line":225,"column":36}},"67":{"start":{"line":227,"column":6},"end":{"line":227,"column":18}},"68":{"start":{"line":231,"column":2},"end":{"line":252,"column":4}},"69":{"start":{"line":232,"column":19},"end":{"line":232,"column":32}},"70":{"start":{"line":233,"column":17},"end":{"line":233,"column":33}},"71":{"start":{"line":234,"column":19},"end":{"line":234,"column":71}},"72":{"start":{"line":234,"column":43},"end":{"line":234,"column":70}},"73":{"start":{"line":235,"column":22},"end":{"line":235,"column":55}},"74":{"start":{"line":238,"column":4},"end":{"line":240,"column":5}},"75":{"start":{"line":239,"column":6},"end":{"line":239,"column":17}},"76":{"start":{"line":242,"column":20},"end":{"line":249,"column":10}},"77":{"start":{"line":244,"column":6},"end":{"line":246,"column":7}},"78":{"start":{"line":245,"column":8},"end":{"line":245,"column":32}},"79":{"start":{"line":248,"column":6},"end":{"line":248,"column":18}},"80":{"start":{"line":251,"column":4},"end":{"line":251,"column":59}},"81":{"start":{"line":254,"column":2},"end":{"line":254,"column":19}}},"fnMap":{"0":{"name":"(anonymous_0)","decl":{"start":{"line":31,"column":29},"end":{"line":31,"column":30}},"loc":{"start":{"line":31,"column":56},"end":{"line":95,"column":1}},"line":31},"1":{"name":"(anonymous_1)","decl":{"start":{"line":38,"column":28},"end":{"line":38,"column":29}},"loc":{"start":{"line":38,"column":62},"end":{"line":50,"column":3}},"line":38},"2":{"name":"(anonymous_2)","decl":{"start":{"line":53,"column":30},"end":{"line":53,"column":31}},"loc":{"start":{"line":53,"column":41},"end":{"line":90,"column":3}},"line":53},"3":{"name":"(anonymous_3)","decl":{"start":{"line":58,"column":33},"end":{"line":58,"column":34}},"loc":{"start":{"line":58,"column":65},"end":{"line":83,"column":5}},"line":58},"4":{"name":"(anonymous_4)","decl":{"start":{"line":70,"column":30},"end":{"line":70,"column":31}},"loc":{"start":{"line":70,"column":43},"end":{"line":80,"column":7}},"line":70},"5":{"name":"(anonymous_5)","decl":{"start":{"line":102,"column":34},"end":{"line":102,"column":35}},"loc":{"start":{"line":109,"column":5},"end":{"line":150,"column":1}},"line":109},"6":{"name":"(anonymous_6)","decl":{"start":{"line":120,"column":30},"end":{"line":120,"column":31}},"loc":{"start":{"line":120,"column":41},"end":{"line":145,"column":3}},"line":120},"7":{"name":"(anonymous_7)","decl":{"start":{"line":123,"column":48},"end":{"line":123,"column":49}},"loc":{"start":{"line":123,"column":58},"end":{"line":140,"column":5}},"line":123},"8":{"name":"(anonymous_8)","decl":{"start":{"line":155,"column":36},"end":{"line":155,"column":37}},"loc":{"start":{"line":158,"column":5},"end":{"line":160,"column":1}},"line":158},"9":{"name":"(anonymous_9)","decl":{"start":{"line":159,"column":24},"end":{"line":159,"column":25}},"loc":{"start":{"line":159,"column":31},"end":{"line":159,"column":46}},"line":159},"10":{"name":"(anonymous_10)","decl":{"start":{"line":166,"column":39},"end":{"line":166,"column":40}},"loc":{"start":{"line":169,"column":5},"end":{"line":171,"column":1}},"line":169},"11":{"name":"(anonymous_11)","decl":{"start":{"line":176,"column":43},"end":{"line":176,"column":44}},"loc":{"start":{"line":180,"column":5},"end":{"line":203,"column":1}},"line":180},"12":{"name":"(anonymous_12)","decl":{"start":{"line":181,"column":34},"end":{"line":181,"column":35}},"loc":{"start":{"line":181,"column":41},"end":{"line":181,"column":62}},"line":181},"13":{"name":"(anonymous_13)","decl":{"start":{"line":190,"column":47},"end":{"line":190,"column":48}},"loc":{"start":{"line":190,"column":57},"end":{"line":200,"column":3}},"line":190},"14":{"name":"(anonymous_14)","decl":{"start":{"line":212,"column":32},"end":{"line":212,"column":33}},"loc":{"start":{"line":215,"column":5},"end":{"line":255,"column":1}},"line":215},"15":{"name":"(anonymous_15)","decl":{"start":{"line":219,"column":35},"end":{"line":219,"column":36}},"loc":{"start":{"line":219,"column":46},"end":{"line":229,"column":3}},"line":219},"16":{"name":"(anonymous_16)","decl":{"start":{"line":221,"column":28},"end":{"line":221,"column":29}},"loc":{"start":{"line":221,"column":57},"end":{"line":228,"column":5}},"line":221},"17":{"name":"(anonymous_17)","decl":{"start":{"line":231,"column":32},"end":{"line":231,"column":33}},"loc":{"start":{"line":231,"column":41},"end":{"line":252,"column":3}},"line":231},"18":{"name":"(anonymous_18)","decl":{"start":{"line":234,"column":36},"end":{"line":234,"column":37}},"loc":{"start":{"line":234,"column":43},"end":{"line":234,"column":70}},"line":234},"19":{"name":"(anonymous_19)","decl":{"start":{"line":242,"column":49},"end":{"line":242,"column":50}},"loc":{"start":{"line":242,"column":66},"end":{"line":249,"column":5}},"line":242}},"branchMap":{"0":{"loc":{"start":{"line":41,"column":4},"end":{"line":47,"column":5}},"type":"if","locations":[{"start":{"line":41,"column":4},"end":{"line":47,"column":5}},{"start":{},"end":{}}],"line":41},"1":{"loc":{"start":{"line":42,"column":6},"end":{"line":44,"column":7}},"type":"if","locations":[{"start":{"line":42,"column":6},"end":{"line":44,"column":7}},{"start":{},"end":{}}],"line":42},"2":{"loc":{"start":{"line":72,"column":8},"end":{"line":77,"column":9}},"type":"if","locations":[{"start":{"line":72,"column":8},"end":{"line":77,"column":9}},{"start":{},"end":{}}],"line":72},"3":{"loc":{"start":{"line":72,"column":12},"end":{"line":72,"column":34}},"type":"binary-expr","locations":[{"start":{"line":72,"column":12},"end":{"line":72,"column":22}},{"start":{"line":72,"column":26},"end":{"line":72,"column":34}}],"line":72},"4":{"loc":{"start":{"line":88,"column":6},"end":{"line":88,"column":61}},"type":"cond-expr","locations":[{"start":{"line":88,"column":16},"end":{"line":88,"column":53}},{"start":{"line":88,"column":56},"end":{"line":88,"column":61}}],"line":88},"5":{"loc":{"start":{"line":126,"column":6},"end":{"line":137,"column":7}},"type":"if","locations":[{"start":{"line":126,"column":6},"end":{"line":137,"column":7}},{"start":{},"end":{}}],"line":126},"6":{"loc":{"start":{"line":133,"column":8},"end":{"line":136,"column":9}},"type":"if","locations":[{"start":{"line":133,"column":8},"end":{"line":136,"column":9}},{"start":{},"end":{}}],"line":133},"7":{"loc":{"start":{"line":143,"column":6},"end":{"line":143,"column":58}},"type":"cond-expr","locations":[{"start":{"line":143,"column":16},"end":{"line":143,"column":50}},{"start":{"line":143,"column":53},"end":{"line":143,"column":58}}],"line":143},"8":{"loc":{"start":{"line":170,"column":9},"end":{"line":170,"column":53}},"type":"binary-expr","locations":[{"start":{"line":170,"column":9},"end":{"line":170,"column":29}},{"start":{"line":170,"column":33},"end":{"line":170,"column":53}}],"line":170},"9":{"loc":{"start":{"line":184,"column":4},"end":{"line":188,"column":10}},"type":"cond-expr","locations":[{"start":{"line":185,"column":8},"end":{"line":185,"column":24}},{"start":{"line":186,"column":8},"end":{"line":188,"column":10}}],"line":184},"10":{"loc":{"start":{"line":184,"column":4},"end":{"line":184,"column":30}},"type":"binary-expr","locations":[{"start":{"line":184,"column":4},"end":{"line":184,"column":10}},{"start":{"line":184,"column":14},"end":{"line":184,"column":30}}],"line":184},"11":{"loc":{"start":{"line":186,"column":8},"end":{"line":188,"column":10}},"type":"cond-expr","locations":[{"start":{"line":187,"column":8},"end":{"line":187,"column":24}},{"start":{"line":188,"column":8},"end":{"line":188,"column":10}}],"line":186},"12":{"loc":{"start":{"line":186,"column":8},"end":{"line":186,"column":34}},"type":"binary-expr","locations":[{"start":{"line":186,"column":8},"end":{"line":186,"column":14}},{"start":{"line":186,"column":18},"end":{"line":186,"column":34}}],"line":186},"13":{"loc":{"start":{"line":193,"column":4},"end":{"line":197,"column":5}},"type":"if","locations":[{"start":{"line":193,"column":4},"end":{"line":197,"column":5}},{"start":{},"end":{}}],"line":193},"14":{"loc":{"start":{"line":196,"column":13},"end":{"line":196,"column":39}},"type":"cond-expr","locations":[{"start":{"line":196,"column":21},"end":{"line":196,"column":28}},{"start":{"line":196,"column":31},"end":{"line":196,"column":39}}],"line":196},"15":{"loc":{"start":{"line":223,"column":6},"end":{"line":226,"column":7}},"type":"if","locations":[{"start":{"line":223,"column":6},"end":{"line":226,"column":7}},{"start":{},"end":{}}],"line":223},"16":{"loc":{"start":{"line":235,"column":22},"end":{"line":235,"column":55}},"type":"cond-expr","locations":[{"start":{"line":235,"column":31},"end":{"line":235,"column":48}},{"start":{"line":235,"column":51},"end":{"line":235,"column":55}}],"line":235},"17":{"loc":{"start":{"line":238,"column":4},"end":{"line":240,"column":5}},"type":"if","locations":[{"start":{"line":238,"column":4},"end":{"line":240,"column":5}},{"start":{},"end":{}}],"line":238},"18":{"loc":{"start":{"line":244,"column":6},"end":{"line":246,"column":7}},"type":"if","locations":[{"start":{"line":244,"column":6},"end":{"line":246,"column":7}},{"start":{},"end":{}}],"line":244}},"s":{"0":15,"1":79,"2":79,"3":79,"4":79,"5":4737,"6":4737,"7":278,"8":11,"9":267,"10":4726,"11":79,"12":5137,"13":5137,"14":5137,"15":11,"16":11,"17":11,"18":11,"19":11,"20":43,"21":43,"22":24,"23":19,"24":11,"25":5137,"26":5137,"27":79,"28":15,"29":87,"30":87,"31":5186,"32":5186,"33":99371,"34":99371,"35":6065,"36":6065,"37":232,"38":232,"39":99139,"40":5186,"41":87,"42":15,"43":6054,"44":6248,"45":15,"46":5907,"47":15,"48":6057,"49":6242,"50":6057,"51":6057,"52":6014,"53":6014,"54":6,"55":6,"56":6008,"57":6057,"58":15,"59":81,"60":81,"61":81,"62":5138,"63":4736,"64":4736,"65":278,"66":278,"67":4736,"68":81,"69":270,"70":270,"71":270,"72":322,"73":270,"74":270,"75":2,"76":268,"77":269,"78":264,"79":269,"80":268,"81":81},"f":{"0":79,"1":4737,"2":5137,"3":11,"4":43,"5":87,"6":5186,"7":99371,"8":6054,"9":6248,"10":5907,"11":6057,"12":6242,"13":6014,"14":81,"15":5138,"16":4736,"17":270,"18":322,"19":269},"b":{"0":[278,4459],"1":[11,267],"2":[24,19],"3":[43,28],"4":[10,5127],"5":[6065,93306],"6":[232,5833],"7":[70,5116],"8":[5907,133],"9":[6054,3],"10":[6057,6056],"11":[1,2],"12":[3,2],"13":[6,6008],"14":[3,3],"15":[278,4458],"16":[269,1],"17":[2,268],"18":[264,5]},"_coverageSchema":"1a1c01bbd47fc00a2c39e90264f33305004495a9","hash":"c220c5a2bc105246e0f5181c7fa22c2d556ccf15"},"/home/runner/work/draftjs-filters/draftjs-filters/src/lib/filters/text.ts":{"path":"/home/runner/work/draftjs-filters/draftjs-filters/src/lib/filters/text.ts","statementMap":{"0":{"start":{"line":6,"column":35},"end":{"line":30,"column":1}},"1":{"start":{"line":10,"column":19},"end":{"line":10,"column":40}},"2":{"start":{"line":11,"column":17},"end":{"line":25,"column":4}},"3":{"start":{"line":12,"column":17},"end":{"line":12,"column":33}},"4":{"start":{"line":18,"column":20},"end":{"line":20,"column":12}},"5":{"start":{"line":19,"column":6},"end":{"line":19,"column":72}},"6":{"start":{"line":22,"column":4},"end":{"line":24,"column":21}},"7":{"start":{"line":27,"column":2},"end":{"line":29,"column":20}}},"fnMap":{"0":{"name":"(anonymous_0)","decl":{"start":{"line":6,"column":35},"end":{"line":6,"column":36}},"loc":{"start":{"line":9,"column":5},"end":{"line":30,"column":1}},"line":9},"1":{"name":"(anonymous_1)","decl":{"start":{"line":11,"column":30},"end":{"line":11,"column":31}},"loc":{"start":{"line":11,"column":41},"end":{"line":25,"column":3}},"line":11},"2":{"name":"(anonymous_2)","decl":{"start":{"line":18,"column":38},"end":{"line":18,"column":39}},"loc":{"start":{"line":18,"column":53},"end":{"line":20,"column":5}},"line":18}},"branchMap":{"0":{"loc":{"start":{"line":23,"column":6},"end":{"line":23,"column":60}},"type":"cond-expr","locations":[{"start":{"line":23,"column":25},"end":{"line":23,"column":52}},{"start":{"line":23,"column":55},"end":{"line":23,"column":60}}],"line":23}},"s":{"0":15,"1":79,"2":79,"3":5135,"4":5135,"5":5307,"6":5135,"7":79},"f":{"0":79,"1":5135,"2":5307},"b":{"0":[12,5123]},"_coverageSchema":"1a1c01bbd47fc00a2c39e90264f33305004495a9","hash":"a28493ca913602822ef7b87854a2e3dbb7124c49"},"/home/runner/work/draftjs-filters/draftjs-filters/src/lib/filters/selection.ts":{"path":"/home/runner/work/draftjs-filters/draftjs-filters/src/lib/filters/selection.ts","statementMap":{"0":{"start":{"line":8,"column":41},"end":{"line":68,"column":1}},"1":{"start":{"line":14,"column":2},"end":{"line":16,"column":3}},"2":{"start":{"line":15,"column":4},"end":{"line":15,"column":22}},"3":{"start":{"line":19,"column":2},"end":{"line":25,"column":3}},"4":{"start":{"line":20,"column":4},"end":{"line":24,"column":5}},"5":{"start":{"line":27,"column":20},"end":{"line":29,"column":4}},"6":{"start":{"line":30,"column":20},"end":{"line":30,"column":46}},"7":{"start":{"line":31,"column":20},"end":{"line":31,"column":44}},"8":{"start":{"line":32,"column":22},"end":{"line":32,"column":59}},"9":{"start":{"line":36,"column":30},"end":{"line":36,"column":71}},"10":{"start":{"line":37,"column":2},"end":{"line":39,"column":3}},"11":{"start":{"line":38,"column":4},"end":{"line":38,"column":20}},"12":{"start":{"line":41,"column":19},"end":{"line":41,"column":53}},"13":{"start":{"line":45,"column":24},"end":{"line":51,"column":5}},"14":{"start":{"line":49,"column":8},"end":{"line":50,"column":44}},"15":{"start":{"line":54,"column":2},"end":{"line":65,"column":3}},"16":{"start":{"line":55,"column":30},"end":{"line":55,"column":71}},"17":{"start":{"line":56,"column":27},"end":{"line":56,"column":61}},"18":{"start":{"line":57,"column":26},"end":{"line":62,"column":6}},"19":{"start":{"line":64,"column":4},"end":{"line":64,"column":64}},"20":{"start":{"line":67,"column":2},"end":{"line":67,"column":18}}},"fnMap":{"0":{"name":"(anonymous_0)","decl":{"start":{"line":8,"column":41},"end":{"line":8,"column":42}},"loc":{"start":{"line":12,"column":5},"end":{"line":68,"column":1}},"line":12},"1":{"name":"(anonymous_1)","decl":{"start":{"line":48,"column":6},"end":{"line":48,"column":7}},"loc":{"start":{"line":49,"column":8},"end":{"line":50,"column":44}},"line":49}},"branchMap":{"0":{"loc":{"start":{"line":14,"column":2},"end":{"line":16,"column":3}},"type":"if","locations":[{"start":{"line":14,"column":2},"end":{"line":16,"column":3}},{"start":{},"end":{}}],"line":14},"1":{"loc":{"start":{"line":19,"column":2},"end":{"line":25,"column":3}},"type":"if","locations":[{"start":{"line":19,"column":2},"end":{"line":25,"column":3}},{"start":{},"end":{}}],"line":19},"2":{"loc":{"start":{"line":36,"column":30},"end":{"line":36,"column":71}},"type":"binary-expr","locations":[{"start":{"line":36,"column":30},"end":{"line":36,"column":54}},{"start":{"line":36,"column":58},"end":{"line":36,"column":71}}],"line":36},"3":{"loc":{"start":{"line":37,"column":2},"end":{"line":39,"column":3}},"type":"if","locations":[{"start":{"line":37,"column":2},"end":{"line":39,"column":3}},{"start":{},"end":{}}],"line":37},"4":{"loc":{"start":{"line":54,"column":2},"end":{"line":65,"column":3}},"type":"if","locations":[{"start":{"line":54,"column":2},"end":{"line":65,"column":3}},{"start":{},"end":{}}],"line":54}},"s":{"0":14,"1":86,"2":48,"3":38,"4":1,"5":37,"6":37,"7":37,"8":37,"9":37,"10":37,"11":32,"12":5,"13":5,"14":10,"15":5,"16":4,"17":4,"18":4,"19":4,"20":1},"f":{"0":86,"1":10},"b":{"0":[48,38],"1":[1,37],"2":[37,36],"3":[32,5],"4":[4,1]},"_coverageSchema":"1a1c01bbd47fc00a2c39e90264f33305004495a9","hash":"450c25db3253fac47bfbb28e17b665cb6077dc9f"},"/home/runner/work/draftjs-filters/draftjs-filters/src/lib/filters/editor.ts":{"path":"/home/runner/work/draftjs-filters/draftjs-filters/src/lib/filters/editor.ts","statementMap":{"0":{"start":{"line":50,"column":27},"end":{"line":83,"column":10}},"1":{"start":{"line":90,"column":33},"end":{"line":147,"column":1}},"2":{"start":{"line":101,"column":6},"end":{"line":101,"column":13}},"3":{"start":{"line":102,"column":32},"end":{"line":117,"column":3}},"4":{"start":{"line":107,"column":19},"end":{"line":107,"column":47}},"5":{"start":{"line":108,"column":23},"end":{"line":108,"column":39}},"6":{"start":{"line":109,"column":23},"end":{"line":109,"column":39}},"7":{"start":{"line":110,"column":22},"end":{"line":110,"column":37}},"8":{"start":{"line":112,"column":4},"end":{"line":116,"column":5}},"9":{"start":{"line":120,"column":18},"end":{"line":141,"column":3}},"10":{"start":{"line":143,"column":18},"end":{"line":143,"column":49}},"11":{"start":{"line":144,"column":22},"end":{"line":144,"column":71}},"12":{"start":{"line":144,"column":52},"end":{"line":144,"column":61}},"13":{"start":{"line":146,"column":2},"end":{"line":146,"column":69}},"14":{"start":{"line":160,"column":30},"end":{"line":225,"column":1}},"15":{"start":{"line":164,"column":18},"end":{"line":164,"column":47}},"16":{"start":{"line":165,"column":19},"end":{"line":165,"column":40}},"17":{"start":{"line":167,"column":2},"end":{"line":169,"column":3}},"18":{"start":{"line":168,"column":4},"end":{"line":168,"column":20}},"19":{"start":{"line":171,"column":13},"end":{"line":171,"column":15}},"20":{"start":{"line":177,"column":2},"end":{"line":190,"column":4}},"21":{"start":{"line":179,"column":4},"end":{"line":189,"column":5}},"22":{"start":{"line":180,"column":6},"end":{"line":180,"column":59}},"23":{"start":{"line":181,"column":24},"end":{"line":181,"column":49}},"24":{"start":{"line":182,"column":6},"end":{"line":188,"column":19}},"25":{"start":{"line":195,"column":24},"end":{"line":197,"column":74}},"26":{"start":{"line":197,"column":20},"end":{"line":197,"column":73}},"27":{"start":{"line":199,"column":22},"end":{"line":201,"column":4}},"28":{"start":{"line":204,"column":24},"end":{"line":204,"column":48}},"29":{"start":{"line":205,"column":21},"end":{"line":208,"column":3}},"30":{"start":{"line":209,"column":28},"end":{"line":212,"column":16}},"31":{"start":{"line":213,"column":27},"end":{"line":213,"column":58}},"32":{"start":{"line":215,"column":20},"end":{"line":215,"column":44}},"33":{"start":{"line":216,"column":24},"end":{"line":219,"column":4}},"34":{"start":{"line":220,"column":20},"end":{"line":222,"column":4}},"35":{"start":{"line":224,"column":2},"end":{"line":224,"column":62}}},"fnMap":{"0":{"name":"(anonymous_0)","decl":{"start":{"line":90,"column":33},"end":{"line":90,"column":34}},"loc":{"start":{"line":93,"column":5},"end":{"line":147,"column":1}},"line":93},"1":{"name":"(anonymous_1)","decl":{"start":{"line":102,"column":32},"end":{"line":102,"column":33}},"loc":{"start":{"line":106,"column":7},"end":{"line":117,"column":3}},"line":106},"2":{"name":"(anonymous_2)","decl":{"start":{"line":144,"column":37},"end":{"line":144,"column":38}},"loc":{"start":{"line":144,"column":52},"end":{"line":144,"column":61}},"line":144},"3":{"name":"(anonymous_3)","decl":{"start":{"line":160,"column":30},"end":{"line":160,"column":31}},"loc":{"start":{"line":163,"column":5},"end":{"line":225,"column":1}},"line":163},"4":{"name":"(anonymous_4)","decl":{"start":{"line":177,"column":19},"end":{"line":177,"column":20}},"loc":{"start":{"line":177,"column":30},"end":{"line":190,"column":3}},"line":177},"5":{"name":"(anonymous_5)","decl":{"start":{"line":197,"column":9},"end":{"line":197,"column":10}},"loc":{"start":{"line":197,"column":20},"end":{"line":197,"column":73}},"line":197}},"branchMap":{"0":{"loc":{"start":{"line":100,"column":4},"end":{"line":100,"column":39}},"type":"default-arg","locations":[{"start":{"line":100,"column":21},"end":{"line":100,"column":39}}],"line":100},"1":{"loc":{"start":{"line":113,"column":6},"end":{"line":115,"column":53}},"type":"binary-expr","locations":[{"start":{"line":113,"column":6},"end":{"line":113,"column":48}},{"start":{"line":114,"column":6},"end":{"line":114,"column":67}},{"start":{"line":115,"column":6},"end":{"line":115,"column":53}}],"line":113},"2":{"loc":{"start":{"line":167,"column":2},"end":{"line":169,"column":3}},"type":"if","locations":[{"start":{"line":167,"column":2},"end":{"line":169,"column":3}},{"start":{},"end":{}}],"line":167},"3":{"loc":{"start":{"line":179,"column":4},"end":{"line":189,"column":5}},"type":"if","locations":[{"start":{"line":179,"column":4},"end":{"line":189,"column":5}},{"start":{},"end":{}}],"line":179},"4":{"loc":{"start":{"line":180,"column":23},"end":{"line":180,"column":38}},"type":"cond-expr","locations":[{"start":{"line":180,"column":30},"end":{"line":180,"column":33}},{"start":{"line":180,"column":36},"end":{"line":180,"column":38}}],"line":180},"5":{"loc":{"start":{"line":182,"column":22},"end":{"line":188,"column":19}},"type":"cond-expr","locations":[{"start":{"line":183,"column":11},"end":{"line":187,"column":38}},{"start":{"line":188,"column":10},"end":{"line":188,"column":19}}],"line":182}},"s":{"0":14,"1":14,"2":77,"3":77,"4":6052,"5":6052,"6":6052,"7":6052,"8":6052,"9":77,"10":77,"11":77,"12":924,"13":77,"14":14,"15":11,"16":11,"17":11,"18":1,"19":10,"20":10,"21":122,"22":101,"23":101,"24":101,"25":10,"26":10,"27":10,"28":10,"29":10,"30":10,"31":10,"32":10,"33":10,"34":10,"35":10},"f":{"0":77,"1":6052,"2":924,"3":11,"4":122,"5":10},"b":{"0":[76],"1":[6052,6044,5904],"2":[1,10],"3":[101,21],"4":[91,10],"5":[91,10]},"_coverageSchema":"1a1c01bbd47fc00a2c39e90264f33305004495a9","hash":"2dafe92680bfef82bcf375eac289f3d21ee2b3de"},"/home/runner/work/draftjs-filters/draftjs-filters/src/lib/index.ts":{"path":"/home/runner/work/draftjs-filters/draftjs-filters/src/lib/index.ts","statementMap":{},"fnMap":{},"branchMap":{},"s":{},"f":{},"b":{},"_coverageSchema":"1a1c01bbd47fc00a2c39e90264f33305004495a9","hash":"c34e396a2f4f4da1f374258045332fd098e8753d"}}}